<?xml version="1.0" encoding="UTF-8"?>
<!-- Generated by org.testng.reporters.JUnitXMLReporter -->
<testsuite hostname="DESKTOP-5C9P0G5" ignored="0" name="Test for homepage" tests="2" failures="1" timestamp="2022-02-04T22:51:22 IST" time="196.719" errors="0">
  <testcase name="homePageLogin" time="2.424" classname="Academy.E2Eprojct.HomePageTest">
    <failure type="org.openqa.selenium.ElementClickInterceptedException" message="element click intercepted: Element &amp;lt;a _ngcontent-tfo-c24=&amp;quot;&amp;quot; href=&amp;quot;https://courses.rahulshettyacademy.com/sign_in&amp;quot; class=&amp;quot;theme-btn register-btn&amp;quot;&amp;gt;...&amp;lt;/a&amp;gt; is not clickable at point (939, 81). Other element would receive the click: &amp;lt;div _ngcontent-tfo-c24=&amp;quot;&amp;quot; class=&amp;quot;preloader&amp;quot; style=&amp;quot;opacity: 0.99999;&amp;quot;&amp;gt;...&amp;lt;/div&amp;gt;
  (Session info: chrome=97.0.4692.99)
Build info: version: &amp;apos;4.1.2&amp;apos;, revision: &amp;apos;9a5a329c5a&amp;apos;
System info: host: &amp;apos;DESKTOP-5C9P0G5&amp;apos;, ip: &amp;apos;192.168.255.196&amp;apos;, os.name: &amp;apos;Windows 10&amp;apos;, os.arch: &amp;apos;amd64&amp;apos;, os.version: &amp;apos;10.0&amp;apos;, java.version: &amp;apos;1.8.0_202&amp;apos;
Driver info: org.openqa.selenium.chrome.ChromeDriver
Command: [ebc418cb7583c8b311aad8e86f62d6fe, clickElement {id=647d3dfe-085c-40c5-a8ea-938a032883ca}]
Capabilities {acceptInsecureCerts: false, browserName: chrome, browserVersion: 97.0.4692.99, chrome: {chromedriverVersion: 97.0.4692.71 (adefa7837d02a..., userDataDir: C:\Users\poorn\AppData\Loca...}, goog:chromeOptions: {debuggerAddress: localhost:63472}, javascriptEnabled: true, networkConnectionEnabled: false, pageLoadStrategy: normal, platform: WINDOWS, platformName: WINDOWS, proxy: Proxy(), se:cdp: ws://localhost:63472/devtoo..., se:cdpVersion: 97.0.4692.99, setWindowRect: true, strictFileInteractability: false, timeouts: {implicit: 0, pageLoad: 300000, script: 30000}, unhandledPromptBehavior: dismiss and notify, webauthn:extension:credBlob: true, webauthn:extension:largeBlob: true, webauthn:virtualAuthenticators: true}
Element: [[ChromeDriver: chrome on WINDOWS (ebc418cb7583c8b311aad8e86f62d6fe)] -&amp;gt; css selector: .theme-btn.register-btn]
Session ID: ebc418cb7583c8b311aad8e86f62d6fe">
      <![CDATA[org.openqa.selenium.ElementClickInterceptedException: element click intercepted: Element <a _ngcontent-tfo-c24="" href="https://courses.rahulshettyacademy.com/sign_in" class="theme-btn register-btn">...</a> is not clickable at point (939, 81). Other element would receive the click: <div _ngcontent-tfo-c24="" class="preloader" style="opacity: 0.99999;">...</div>
  (Session info: chrome=97.0.4692.99)
Build info: version: '4.1.2', revision: '9a5a329c5a'
System info: host: 'DESKTOP-5C9P0G5', ip: '192.168.255.196', os.name: 'Windows 10', os.arch: 'amd64', os.version: '10.0', java.version: '1.8.0_202'
Driver info: org.openqa.selenium.chrome.ChromeDriver
Command: [ebc418cb7583c8b311aad8e86f62d6fe, clickElement {id=647d3dfe-085c-40c5-a8ea-938a032883ca}]
Capabilities {acceptInsecureCerts: false, browserName: chrome, browserVersion: 97.0.4692.99, chrome: {chromedriverVersion: 97.0.4692.71 (adefa7837d02a..., userDataDir: C:\Users\poorn\AppData\Loca...}, goog:chromeOptions: {debuggerAddress: localhost:63472}, javascriptEnabled: true, networkConnectionEnabled: false, pageLoadStrategy: normal, platform: WINDOWS, platformName: WINDOWS, proxy: Proxy(), se:cdp: ws://localhost:63472/devtoo..., se:cdpVersion: 97.0.4692.99, setWindowRect: true, strictFileInteractability: false, timeouts: {implicit: 0, pageLoad: 300000, script: 30000}, unhandledPromptBehavior: dismiss and notify, webauthn:extension:credBlob: true, webauthn:extension:largeBlob: true, webauthn:virtualAuthenticators: true}
Element: [[ChromeDriver: chrome on WINDOWS (ebc418cb7583c8b311aad8e86f62d6fe)] -> css selector: .theme-btn.register-btn]
Session ID: ebc418cb7583c8b311aad8e86f62d6fe
at org.openqa.selenium.remote.codec.w3c.W3CHttpResponseCodec.createException(W3CHttpResponseCodec.java:200)
at org.openqa.selenium.remote.codec.w3c.W3CHttpResponseCodec.decode(W3CHttpResponseCodec.java:133)
at org.openqa.selenium.remote.codec.w3c.W3CHttpResponseCodec.decode(W3CHttpResponseCodec.java:53)
at org.openqa.selenium.remote.HttpCommandExecutor.execute(HttpCommandExecutor.java:184)
at org.openqa.selenium.remote.service.DriverCommandExecutor.invokeExecute(DriverCommandExecutor.java:167)
at org.openqa.selenium.remote.service.DriverCommandExecutor.execute(DriverCommandExecutor.java:142)
at org.openqa.selenium.remote.RemoteWebDriver.execute(RemoteWebDriver.java:558)
at org.openqa.selenium.remote.RemoteWebElement.execute(RemoteWebElement.java:251)
at org.openqa.selenium.remote.RemoteWebElement.click(RemoteWebElement.java:77)
at pageObject.LandingPage.getLogin(LandingPage.java:25)
at Academy.E2Eprojct.HomePageTest.homePageLogin(HomePageTest.java:38)
at java.util.ArrayList.forEach(ArrayList.java:1257)
at java.util.concurrent.FutureTask.run(FutureTask.java:266)
at java.util.concurrent.ThreadPoolExecutor.runWorker(ThreadPoolExecutor.java:1149)
at java.util.concurrent.ThreadPoolExecutor$Worker.run(ThreadPoolExecutor.java:624)
at java.lang.Thread.run(Thread.java:748)
... Removed 22 stack frames]]>
    </failure>
  </testcase> <!-- homePageLogin -->
  <testcase name="homePageLogin" time="12.325" classname="Academy.E2Eprojct.HomePageTest"/>
</testsuite> <!-- Test for homepage -->
