<?xml version="1.0" encoding="UTF-8"?>
<testng-results skipped="0" failed="2" ignored="0" total="4" passed="2">
  <reporter-output>
  </reporter-output>
  <suite name="Suite" duration-ms="196719" started-at="2022-02-04T22:48:04 IST" finished-at="2022-02-04T22:51:21 IST">
    <groups>
    </groups>
    <test name="Testing NavBar" duration-ms="113541" started-at="2022-02-04T22:48:04 IST" finished-at="2022-02-04T22:49:58 IST">
      <class name="Academy.E2Eprojct.ValidateNavBarTest">
        <test-method status="PASS" signature="initialize()[pri:0, instance:Academy.E2Eprojct.ValidateNavBarTest@54bff557]" name="initialize" is-config="true" duration-ms="86494" started-at="2022-02-04T22:48:06 IST" finished-at="2022-02-04T22:49:33 IST">
          <reporter-output>
          </reporter-output>
        </test-method> <!-- initialize -->
        <test-method status="PASS" signature="basePageNav()[pri:0, instance:Academy.E2Eprojct.ValidateNavBarTest@54bff557]" name="basePageNav" duration-ms="1957" started-at="2022-02-04T22:49:33 IST" finished-at="2022-02-04T22:49:35 IST">
          <reporter-output>
          </reporter-output>
        </test-method> <!-- basePageNav -->
        <test-method status="PASS" signature="closeBrowser()[pri:0, instance:Academy.E2Eprojct.ValidateNavBarTest@54bff557]" name="closeBrowser" is-config="true" duration-ms="23285" started-at="2022-02-04T22:49:35 IST" finished-at="2022-02-04T22:49:58 IST">
          <reporter-output>
          </reporter-output>
        </test-method> <!-- closeBrowser -->
      </class> <!-- Academy.E2Eprojct.ValidateNavBarTest -->
    </test> <!-- Testing NavBar -->
    <test name="Testing title of page" duration-ms="157438" started-at="2022-02-04T22:48:04 IST" finished-at="2022-02-04T22:50:42 IST">
      <class name="Academy.E2Eprojct.TestTitle">
        <test-method status="PASS" signature="initialize()[pri:0, instance:Academy.E2Eprojct.TestTitle@4d5650ae]" name="initialize" is-config="true" duration-ms="93276" started-at="2022-02-04T22:48:06 IST" finished-at="2022-02-04T22:49:40 IST">
          <reporter-output>
          </reporter-output>
        </test-method> <!-- initialize -->
        <test-method status="FAIL" signature="titleCapture()[pri:0, instance:Academy.E2Eprojct.TestTitle@4d5650ae]" name="titleCapture" duration-ms="1252" started-at="2022-02-04T22:49:40 IST" finished-at="2022-02-04T22:49:41 IST">
          <exception class="java.lang.AssertionError">
            <message>
              <![CDATA[expected [Featured Courses12] but found [Featured Courses]]]>
            </message>
            <full-stacktrace>
              <![CDATA[java.lang.AssertionError: expected [Featured Courses12] but found [Featured Courses]
at org.testng.Assert.fail(Assert.java:110)
at org.testng.Assert.failNotEquals(Assert.java:1413)
at org.testng.Assert.assertEqualsImpl(Assert.java:149)
at org.testng.Assert.assertEquals(Assert.java:131)
at org.testng.Assert.assertEquals(Assert.java:655)
at org.testng.Assert.assertEquals(Assert.java:665)
at Academy.E2Eprojct.TestTitle.titleCapture(TestTitle.java:44)
at sun.reflect.NativeMethodAccessorImpl.invoke0(Native Method)
at sun.reflect.NativeMethodAccessorImpl.invoke(NativeMethodAccessorImpl.java:62)
at sun.reflect.DelegatingMethodAccessorImpl.invoke(DelegatingMethodAccessorImpl.java:43)
at java.lang.reflect.Method.invoke(Method.java:498)
at org.testng.internal.invokers.MethodInvocationHelper.invokeMethod(MethodInvocationHelper.java:135)
at org.testng.internal.invokers.TestInvoker.invokeMethod(TestInvoker.java:673)
at org.testng.internal.invokers.TestInvoker.invokeTestMethod(TestInvoker.java:220)
at org.testng.internal.invokers.MethodRunner.runInSequence(MethodRunner.java:50)
at org.testng.internal.invokers.TestInvoker$MethodInvocationAgent.invoke(TestInvoker.java:945)
at org.testng.internal.invokers.TestInvoker.invokeTestMethods(TestInvoker.java:193)
at org.testng.internal.invokers.TestMethodWorker.invokeTestMethods(TestMethodWorker.java:146)
at org.testng.internal.invokers.TestMethodWorker.run(TestMethodWorker.java:128)
at java.util.ArrayList.forEach(ArrayList.java:1257)
at org.testng.TestRunner.privateRun(TestRunner.java:808)
at org.testng.TestRunner.run(TestRunner.java:603)
at org.testng.SuiteRunner.runTest(SuiteRunner.java:429)
at org.testng.SuiteRunner.access$000(SuiteRunner.java:32)
at org.testng.SuiteRunner$SuiteWorker.run(SuiteRunner.java:467)
at org.testng.internal.thread.ThreadUtil.lambda$execute$0(ThreadUtil.java:58)
at java.util.concurrent.FutureTask.run(FutureTask.java:266)
at java.util.concurrent.ThreadPoolExecutor.runWorker(ThreadPoolExecutor.java:1149)
at java.util.concurrent.ThreadPoolExecutor$Worker.run(ThreadPoolExecutor.java:624)
at java.lang.Thread.run(Thread.java:748)
]]>
            </full-stacktrace>
          </exception> <!-- java.lang.AssertionError -->
          <reporter-output>
          </reporter-output>
        </test-method> <!-- titleCapture -->
        <test-method status="PASS" signature="closeBrowser()[pri:0, instance:Academy.E2Eprojct.TestTitle@4d5650ae]" name="closeBrowser" is-config="true" duration-ms="9366" started-at="2022-02-04T22:50:33 IST" finished-at="2022-02-04T22:50:42 IST">
          <reporter-output>
          </reporter-output>
        </test-method> <!-- closeBrowser -->
      </class> <!-- Academy.E2Eprojct.TestTitle -->
    </test> <!-- Testing title of page -->
    <test name="Test for homepage" duration-ms="196719" started-at="2022-02-04T22:48:04 IST" finished-at="2022-02-04T22:51:21 IST">
      <class name="Academy.E2Eprojct.HomePageTest">
        <test-method status="PASS" signature="initialize()[pri:0, instance:Academy.E2Eprojct.HomePageTest@5e600dd5]" name="initialize" is-config="true" duration-ms="92665" started-at="2022-02-04T22:48:06 IST" finished-at="2022-02-04T22:49:39 IST">
          <reporter-output>
          </reporter-output>
        </test-method> <!-- initialize -->
        <test-method status="FAIL" signature="homePageLogin(java.lang.String,java.lang.String)[pri:0, instance:Academy.E2Eprojct.HomePageTest@5e600dd5]" name="homePageLogin" duration-ms="2424" started-at="2022-02-04T22:49:39 IST" data-provider="getData" finished-at="2022-02-04T22:49:41 IST">
          <params>
            <param index="0">
              <value>
                <![CDATA[restriced@aq.com]]>
              </value>
            </param>
            <param index="1">
              <value>
                <![CDATA[231kns]]>
              </value>
            </param>
          </params>
          <exception class="org.openqa.selenium.ElementClickInterceptedException">
            <message>
              <![CDATA[element click intercepted: Element <a _ngcontent-tfo-c24="" href="https://courses.rahulshettyacademy.com/sign_in" class="theme-btn register-btn">...</a> is not clickable at point (939, 81). Other element would receive the click: <div _ngcontent-tfo-c24="" class="preloader" style="opacity: 0.99999;">...</div>
  (Session info: chrome=97.0.4692.99)
Build info: version: '4.1.2', revision: '9a5a329c5a'
System info: host: 'DESKTOP-5C9P0G5', ip: '192.168.255.196', os.name: 'Windows 10', os.arch: 'amd64', os.version: '10.0', java.version: '1.8.0_202'
Driver info: org.openqa.selenium.chrome.ChromeDriver
Command: [ebc418cb7583c8b311aad8e86f62d6fe, clickElement {id=647d3dfe-085c-40c5-a8ea-938a032883ca}]
Capabilities {acceptInsecureCerts: false, browserName: chrome, browserVersion: 97.0.4692.99, chrome: {chromedriverVersion: 97.0.4692.71 (adefa7837d02a..., userDataDir: C:\Users\poorn\AppData\Loca...}, goog:chromeOptions: {debuggerAddress: localhost:63472}, javascriptEnabled: true, networkConnectionEnabled: false, pageLoadStrategy: normal, platform: WINDOWS, platformName: WINDOWS, proxy: Proxy(), se:cdp: ws://localhost:63472/devtoo..., se:cdpVersion: 97.0.4692.99, setWindowRect: true, strictFileInteractability: false, timeouts: {implicit: 0, pageLoad: 300000, script: 30000}, unhandledPromptBehavior: dismiss and notify, webauthn:extension:credBlob: true, webauthn:extension:largeBlob: true, webauthn:virtualAuthenticators: true}
Element: [[ChromeDriver: chrome on WINDOWS (ebc418cb7583c8b311aad8e86f62d6fe)] -> css selector: .theme-btn.register-btn]
Session ID: ebc418cb7583c8b311aad8e86f62d6fe]]>
            </message>
            <full-stacktrace>
              <![CDATA[org.openqa.selenium.ElementClickInterceptedException: element click intercepted: Element <a _ngcontent-tfo-c24="" href="https://courses.rahulshettyacademy.com/sign_in" class="theme-btn register-btn">...</a> is not clickable at point (939, 81). Other element would receive the click: <div _ngcontent-tfo-c24="" class="preloader" style="opacity: 0.99999;">...</div>
  (Session info: chrome=97.0.4692.99)
Build info: version: '4.1.2', revision: '9a5a329c5a'
System info: host: 'DESKTOP-5C9P0G5', ip: '192.168.255.196', os.name: 'Windows 10', os.arch: 'amd64', os.version: '10.0', java.version: '1.8.0_202'
Driver info: org.openqa.selenium.chrome.ChromeDriver
Command: [ebc418cb7583c8b311aad8e86f62d6fe, clickElement {id=647d3dfe-085c-40c5-a8ea-938a032883ca}]
Capabilities {acceptInsecureCerts: false, browserName: chrome, browserVersion: 97.0.4692.99, chrome: {chromedriverVersion: 97.0.4692.71 (adefa7837d02a..., userDataDir: C:\Users\poorn\AppData\Loca...}, goog:chromeOptions: {debuggerAddress: localhost:63472}, javascriptEnabled: true, networkConnectionEnabled: false, pageLoadStrategy: normal, platform: WINDOWS, platformName: WINDOWS, proxy: Proxy(), se:cdp: ws://localhost:63472/devtoo..., se:cdpVersion: 97.0.4692.99, setWindowRect: true, strictFileInteractability: false, timeouts: {implicit: 0, pageLoad: 300000, script: 30000}, unhandledPromptBehavior: dismiss and notify, webauthn:extension:credBlob: true, webauthn:extension:largeBlob: true, webauthn:virtualAuthenticators: true}
Element: [[ChromeDriver: chrome on WINDOWS (ebc418cb7583c8b311aad8e86f62d6fe)] -> css selector: .theme-btn.register-btn]
Session ID: ebc418cb7583c8b311aad8e86f62d6fe
at sun.reflect.NativeConstructorAccessorImpl.newInstance0(Native Method)
at sun.reflect.NativeConstructorAccessorImpl.newInstance(NativeConstructorAccessorImpl.java:62)
at sun.reflect.DelegatingConstructorAccessorImpl.newInstance(DelegatingConstructorAccessorImpl.java:45)
at java.lang.reflect.Constructor.newInstance(Constructor.java:423)
at org.openqa.selenium.remote.codec.w3c.W3CHttpResponseCodec.createException(W3CHttpResponseCodec.java:200)
at org.openqa.selenium.remote.codec.w3c.W3CHttpResponseCodec.decode(W3CHttpResponseCodec.java:133)
at org.openqa.selenium.remote.codec.w3c.W3CHttpResponseCodec.decode(W3CHttpResponseCodec.java:53)
at org.openqa.selenium.remote.HttpCommandExecutor.execute(HttpCommandExecutor.java:184)
at org.openqa.selenium.remote.service.DriverCommandExecutor.invokeExecute(DriverCommandExecutor.java:167)
at org.openqa.selenium.remote.service.DriverCommandExecutor.execute(DriverCommandExecutor.java:142)
at org.openqa.selenium.remote.RemoteWebDriver.execute(RemoteWebDriver.java:558)
at org.openqa.selenium.remote.RemoteWebElement.execute(RemoteWebElement.java:251)
at org.openqa.selenium.remote.RemoteWebElement.click(RemoteWebElement.java:77)
at pageObject.LandingPage.getLogin(LandingPage.java:25)
at Academy.E2Eprojct.HomePageTest.homePageLogin(HomePageTest.java:38)
at sun.reflect.NativeMethodAccessorImpl.invoke0(Native Method)
at sun.reflect.NativeMethodAccessorImpl.invoke(NativeMethodAccessorImpl.java:62)
at sun.reflect.DelegatingMethodAccessorImpl.invoke(DelegatingMethodAccessorImpl.java:43)
at java.lang.reflect.Method.invoke(Method.java:498)
at org.testng.internal.invokers.MethodInvocationHelper.invokeMethod(MethodInvocationHelper.java:135)
at org.testng.internal.invokers.TestInvoker.invokeMethod(TestInvoker.java:673)
at org.testng.internal.invokers.TestInvoker.invokeTestMethod(TestInvoker.java:220)
at org.testng.internal.invokers.MethodRunner.runInSequence(MethodRunner.java:50)
at org.testng.internal.invokers.TestInvoker$MethodInvocationAgent.invoke(TestInvoker.java:945)
at org.testng.internal.invokers.TestInvoker.invokeTestMethods(TestInvoker.java:193)
at org.testng.internal.invokers.TestMethodWorker.invokeTestMethods(TestMethodWorker.java:146)
at org.testng.internal.invokers.TestMethodWorker.run(TestMethodWorker.java:128)
at java.util.ArrayList.forEach(ArrayList.java:1257)
at org.testng.TestRunner.privateRun(TestRunner.java:808)
at org.testng.TestRunner.run(TestRunner.java:603)
at org.testng.SuiteRunner.runTest(SuiteRunner.java:429)
at org.testng.SuiteRunner.access$000(SuiteRunner.java:32)
at org.testng.SuiteRunner$SuiteWorker.run(SuiteRunner.java:467)
at org.testng.internal.thread.ThreadUtil.lambda$execute$0(ThreadUtil.java:58)
at java.util.concurrent.FutureTask.run(FutureTask.java:266)
at java.util.concurrent.ThreadPoolExecutor.runWorker(ThreadPoolExecutor.java:1149)
at java.util.concurrent.ThreadPoolExecutor$Worker.run(ThreadPoolExecutor.java:624)
at java.lang.Thread.run(Thread.java:748)
]]>
            </full-stacktrace>
          </exception> <!-- org.openqa.selenium.ElementClickInterceptedException -->
          <reporter-output>
          </reporter-output>
        </test-method> <!-- homePageLogin -->
        <test-method status="PASS" signature="closeBrowser()[pri:0, instance:Academy.E2Eprojct.HomePageTest@5e600dd5]" name="closeBrowser" is-config="true" duration-ms="12087" started-at="2022-02-04T22:50:33 IST" finished-at="2022-02-04T22:50:45 IST">
          <reporter-output>
          </reporter-output>
        </test-method> <!-- closeBrowser -->
        <test-method status="PASS" signature="initialize()[pri:0, instance:Academy.E2Eprojct.HomePageTest@5e600dd5]" name="initialize" is-config="true" duration-ms="23542" started-at="2022-02-04T22:50:45 IST" finished-at="2022-02-04T22:51:09 IST">
          <reporter-output>
          </reporter-output>
        </test-method> <!-- initialize -->
        <test-method status="PASS" signature="homePageLogin(java.lang.String,java.lang.String)[pri:0, instance:Academy.E2Eprojct.HomePageTest@5e600dd5]" name="homePageLogin" duration-ms="12325" started-at="2022-02-04T22:51:09 IST" data-provider="getData" finished-at="2022-02-04T22:51:21 IST">
          <params>
            <param index="0">
              <value>
                <![CDATA[alloweduser@aq.com]]>
              </value>
            </param>
            <param index="1">
              <value>
                <![CDATA[45678gv]]>
              </value>
            </param>
          </params>
          <reporter-output>
          </reporter-output>
        </test-method> <!-- homePageLogin -->
        <test-method status="PASS" signature="closeBrowser()[pri:0, instance:Academy.E2Eprojct.HomePageTest@5e600dd5]" name="closeBrowser" is-config="true" duration-ms="210" started-at="2022-02-04T22:51:21 IST" finished-at="2022-02-04T22:51:21 IST">
          <reporter-output>
          </reporter-output>
        </test-method> <!-- closeBrowser -->
      </class> <!-- Academy.E2Eprojct.HomePageTest -->
    </test> <!-- Test for homepage -->
  </suite> <!-- Suite -->
</testng-results>
